2013/01/15 16:28:00 INFO  - jmeter.util.JMeterUtils: Setting Locale to es_MX 
2013/01/15 16:28:00 INFO  - jmeter.util.JMeterUtils: Could not find resources for 'es_MX', using 'es' 
2013/01/15 16:28:00 INFO  - jmeter.JMeter: Loading user properties from: /home/caente/jmeter/bin/user.properties 
2013/01/15 16:28:00 INFO  - jmeter.JMeter: Loading system properties from: /home/caente/jmeter/bin/system.properties 
2013/01/15 16:28:00 INFO  - jmeter.JMeter: Copyright (c) 1998-2012 The Apache Software Foundation 
2013/01/15 16:28:00 INFO  - jmeter.JMeter: Version 2.7 r1342410 
2013/01/15 16:28:00 INFO  - jmeter.JMeter: java.version=1.6.0_37 
2013/01/15 16:28:00 INFO  - jmeter.JMeter: java.vm.name=Java HotSpot(TM) Server VM 
2013/01/15 16:28:00 INFO  - jmeter.JMeter: os.name=Linux 
2013/01/15 16:28:00 INFO  - jmeter.JMeter: os.arch=i386 
2013/01/15 16:28:00 INFO  - jmeter.JMeter: os.version=3.5.0-21-generic 
2013/01/15 16:28:00 INFO  - jmeter.JMeter: file.encoding=UTF-8 
2013/01/15 16:28:00 INFO  - jmeter.JMeter: Default Locale=español (México) 
2013/01/15 16:28:00 INFO  - jmeter.JMeter: JMeter  Locale=español (México) 
2013/01/15 16:28:00 INFO  - jmeter.JMeter: JMeterHome=/home/caente/jmeter 
2013/01/15 16:28:00 INFO  - jmeter.JMeter: user.dir  =/home/caente/dimeder/llull 
2013/01/15 16:28:00 INFO  - jmeter.JMeter: PWD       =/home/caente/dimeder/llull 
2013/01/15 16:28:00 INFO  - jmeter.JMeter: IP: 127.0.1.1 Name: dimeder FullName: dimeder 
2013/01/15 16:28:00 INFO  - jmeter.JMeter: Loaded icon properties from org/apache/jmeter/images/icon.properties 
2013/01/15 16:28:02 INFO  - jmeter.engine.util.CompoundVariable: Note: Function class names must contain the string: '.functions.' 
2013/01/15 16:28:02 INFO  - jmeter.engine.util.CompoundVariable: Note: Function class names must not contain the string: '.gui.' 
2013/01/15 16:28:02 INFO  - jmeter.gui.action.LookAndFeelCommand: Using look and feel: javax.swing.plaf.metal.MetalLookAndFeel [Metal, CrossPlatform] 
2013/01/15 16:28:03 INFO  - jmeter.util.BSFTestElement: Registering JMeter version of JavaScript engine as work-round for BSF-22 
2013/01/15 16:28:03 INFO  - jmeter.protocol.http.sampler.HTTPSamplerBase: Cannot find .className property for htmlParser, using default 
2013/01/15 16:28:03 INFO  - jmeter.protocol.http.sampler.HTTPSamplerBase: Parser for text/html is  
2013/01/15 16:28:03 INFO  - jmeter.protocol.http.sampler.HTTPSamplerBase: Parser for application/xhtml+xml is  
2013/01/15 16:28:03 INFO  - jmeter.protocol.http.sampler.HTTPSamplerBase: Parser for application/xml is  
2013/01/15 16:28:03 INFO  - jmeter.protocol.http.sampler.HTTPSamplerBase: Parser for text/xml is  
2013/01/15 16:28:03 INFO  - jmeter.protocol.http.sampler.HTTPSamplerBase: Parser for text/vnd.wap.wml is org.apache.jmeter.protocol.http.parser.RegexpHTMLParser 
2013/01/15 16:28:03 INFO  - jmeter.protocol.http.sampler.HTTPSamplerBase: Reuse SSL session context on subsequent iterations: true 
2013/01/15 16:28:04 INFO  - jmeter.samplers.SampleResult: Note: Sample TimeStamps are START times 
2013/01/15 16:28:04 INFO  - jmeter.samplers.SampleResult: sampleresult.default.encoding is set to ISO-8859-1 
2013/01/15 16:28:04 INFO  - jmeter.samplers.SampleResult: sampleresult.useNanoTime=true 
2013/01/15 16:28:04 INFO  - jmeter.samplers.SampleResult: sampleresult.nanoThreadSleep=5000 
2013/01/15 16:28:07 INFO  - jmeter.services.FileServer: Default base='/home/caente/dimeder/llull' 
2013/01/15 16:28:07 INFO  - jmeter.gui.action.Load: Loading file: /home/caente/NetBeansProjects/interesse.jmx 
2013/01/15 16:28:07 INFO  - jmeter.services.FileServer: Set new base='/home/caente/NetBeansProjects' 
2013/01/15 16:28:07 INFO  - jmeter.save.SaveService: Testplan (JMX) version: 2.2. Testlog (JTL) version: 2.2 
2013/01/15 16:28:07 INFO  - jmeter.save.SaveService: Using SaveService properties file encoding UTF-8 
2013/01/15 16:28:07 INFO  - jmeter.save.SaveService: Using SaveService properties file version 1332608 
2013/01/15 16:28:08 INFO  - jmeter.save.SaveService: Using SaveService properties version 2.3 
2013/01/15 16:28:08 INFO  - jmeter.save.SaveService: All converter versions present and correct 
2013/01/15 16:28:08 INFO  - jmeter.protocol.http.control.CookieManager: Settings: Delete null: true Check: true Allow variable: true Save: false Prefix: COOKIE_ 
2013/01/15 16:28:08 INFO  - jmeter.services.FileServer: Set new base='/home/caente/NetBeansProjects' 
